[2026/05/26 ÷‹∂Ģ  8:00:01.84] start import_products 
Mode: sync
qbd_womens: extracted=13005, loaded=12893, skipped=0, missing_images=2054
qbd_mens: extracted=7479, loaded=7358, skipped=0, missing_images=72
yiban: extracted=9699, loaded=9695, skipped=0, missing_images=201
yandou: extracted=3122, loaded=3120, skipped=0, missing_images=2320
[2026/05/26 ÷‹∂Ģ  8:06:42.76] end import_products errorlevel=0 
[2026/05/27 ÷‹»ż  8:00:01.87] start import_products 
Mode: sync
qbd_womens: extracted=13021, loaded=12909, skipped=0, missing_images=2062
qbd_mens: extracted=7479, loaded=7358, skipped=0, missing_images=72
yiban: extracted=9702, loaded=9698, skipped=0, missing_images=199
yandou: extracted=3122, loaded=3120, skipped=0, missing_images=2320
[2026/05/27 ÷‹»ż  8:06:44.50] end import_products errorlevel=0 
[2026/05/28 ÷‹ňń  8:00:01.84] start import_products 
Mode: sync
eblan: extracted=9710, loaded=9706, skipped=0, missing_images=199
cbanner_mens: extracted=7437, loaded=7316, skipped=0, missing_images=72
cbanner_womens: extracted=13035, loaded=12923, skipped=0, missing_images=2067
yandou: extracted=3122, loaded=3120, skipped=0, missing_images=2320
[2026/05/28 ÷‹ňń  8:06:45.93] end import_products errorlevel=0 
[2026/05/29 ÷‹őŚ  8:00:01.84] start import_products 
Mode: sync
cbanner_mens: extracted=7438, loaded=7317, skipped=0, missing_images=72
eblan: extracted=9716, loaded=9712, skipped=0, missing_images=199
cbanner_womens: extracted=13040, loaded=12928, skipped=0, missing_images=2067
yandou: extracted=3122, loaded=3120, skipped=0, missing_images=2320
[2026/05/29 ÷‹őŚ  8:06:44.81] end import_products errorlevel=0 
