[е‘ЁдёҖ 2026/05/25 10:53:21.38] start import_price_daily 
using a closure in a dumps/loads function may cause a resource leak
using a closure in a dumps/loads function may cause a resource leak
using a closure in a dumps/loads function may cause a resource leak
using a closure in a dumps/loads function may cause a resource leak
[PRICE] 2026-05-25 өјИлНкіЙ, №І 76137 Мх
[е‘ЁдёҖ 2026/05/25 10:53:38.43] end import_price_daily errorlevel=0 
[2026/05/26 ЦЬ¶ю 14:00:00.25] start import_price_daily 
using a closure in a dumps/loads function may cause a resource leak
using a closure in a dumps/loads function may cause a resource leak
using a closure in a dumps/loads function may cause a resource leak
using a closure in a dumps/loads function may cause a resource leak
[PRICE] 2026-05-26 өјИлНкіЙ, №І 76154 Мх
[2026/05/26 ЦЬ¶ю 14:00:08.10] end import_price_daily errorlevel=0 
[2026/05/27 ЦЬИэ 14:00:01.24] start import_price_daily 
using a closure in a dumps/loads function may cause a resource leak
using a closure in a dumps/loads function may cause a resource leak
using a closure in a dumps/loads function may cause a resource leak
using a closure in a dumps/loads function may cause a resource leak
[PRICE] 2026-05-27 өјИлНкіЙ, №І 76169 Мх
[2026/05/27 ЦЬИэ 14:00:08.55] end import_price_daily errorlevel=0 
[2026/05/28 ЦЬЛД 14:00:01.25] start import_price_daily 
using a closure in a dumps/loads function may cause a resource leak
using a closure in a dumps/loads function may cause a resource leak
using a closure in a dumps/loads function may cause a resource leak
using a closure in a dumps/loads function may cause a resource leak
[PRICE] 2026-05-28 өјИлНкіЙ, №І 76193 Мх
[2026/05/28 ЦЬЛД 14:00:08.81] end import_price_daily errorlevel=0 
[2026/05/29 ЦЬОе  8:00:01.51] start import_price_daily 
using a closure in a dumps/loads function may cause a resource leak
using a closure in a dumps/loads function may cause a resource leak
using a closure in a dumps/loads function may cause a resource leak
using a closure in a dumps/loads function may cause a resource leak
[PRICE] 2026-05-29 өјИлНкіЙ, №І 76205 Мх
[2026/05/29 ЦЬОе  8:00:09.45] end import_price_daily errorlevel=0 
[2026/05/30 ЦЬБщ  8:00:01.52] start import_price_daily 
using a closure in a dumps/loads function may cause a resource leak
using a closure in a dumps/loads function may cause a resource leak
using a closure in a dumps/loads function may cause a resource leak
using a closure in a dumps/loads function may cause a resource leak
[PRICE] 2026-05-30 өјИлНкіЙ, №І 76225 Мх
[2026/05/30 ЦЬБщ  8:00:09.73] end import_price_daily errorlevel=0 
[2026/05/31 ЦЬИХ  8:00:01.54] start import_price_daily 
using a closure in a dumps/loads function may cause a resource leak
using a closure in a dumps/loads function may cause a resource leak
using a closure in a dumps/loads function may cause a resource leak
using a closure in a dumps/loads function may cause a resource leak
[PRICE] 2026-05-31 өјИлНкіЙ, №І 76230 Мх
[2026/05/31 ЦЬИХ  8:00:09.93] end import_price_daily errorlevel=0 
[2026/06/01 ЦЬТ»  8:00:01.54] start import_price_daily 
using a closure in a dumps/loads function may cause a resource leak
using a closure in a dumps/loads function may cause a resource leak
using a closure in a dumps/loads function may cause a resource leak
using a closure in a dumps/loads function may cause a resource leak
[PRICE] 2026-06-01 өјИлНкіЙ, №І 76234 Мх
[2026/06/01 ЦЬТ»  8:00:09.37] end import_price_daily errorlevel=0 
