[鍛ㄤ竴 2026/05/25 10:43:24.46] start import_jst_daily 
using a closure in a dumps/loads function may cause a resource leak
using a closure in a dumps/loads function may cause a resource leak
using a closure in a dumps/loads function may cause a resource leak
using a closure in a dumps/loads function may cause a resource leak
[尺码表] 导入完成, 共 69000 条
[采购差异] 导入完成, 共 6694 条
[鍛ㄤ竴 2026/05/25 10:47:51.41] end import_jst_daily errorlevel=0 
[2026/05/26 周二  8:00:01.37] start import_jst_daily 
using a closure in a dumps/loads function may cause a resource leak
using a closure in a dumps/loads function may cause a resource leak
using a closure in a dumps/loads function may cause a resource leak
using a closure in a dumps/loads function may cause a resource leak
[尺码表] 导入完成, 共 68965 条
[库存汇总] 导入完成, 共 28267 条
[采购差异] 导入完成, 共 6654 条
[2026/05/26 周二  8:09:36.53] end import_jst_daily errorlevel=0 
[2026/05/27 周三  8:00:01.38] start import_jst_daily 
using a closure in a dumps/loads function may cause a resource leak
using a closure in a dumps/loads function may cause a resource leak
using a closure in a dumps/loads function may cause a resource leak
using a closure in a dumps/loads function may cause a resource leak
[尺码表] 导入完成, 共 68947 条
[库存汇总] 导入完成, 共 28296 条
[采购差异] 导入完成, 共 6776 条
[2026/05/27 周三  8:09:36.03] end import_jst_daily errorlevel=0 
[2026/05/28 周四  8:00:01.42] start import_jst_daily 
using a closure in a dumps/loads function may cause a resource leak
using a closure in a dumps/loads function may cause a resource leak
using a closure in a dumps/loads function may cause a resource leak
using a closure in a dumps/loads function may cause a resource leak
[尺码表] 导入完成, 共 68926 条
[库存汇总] 导入完成, 共 28318 条
[采购差异] 导入完成, 共 6905 条
[2026/05/28 周四  8:09:35.79] end import_jst_daily errorlevel=0 
[2026/05/29 周五  8:00:01.53] start import_jst_daily 
using a closure in a dumps/loads function may cause a resource leak
using a closure in a dumps/loads function may cause a resource leak
using a closure in a dumps/loads function may cause a resource leak
using a closure in a dumps/loads function may cause a resource leak
[尺码表] 导入完成, 共 68908 条
[库存汇总] 导入完成, 共 28338 条
[采购差异] 导入完成, 共 6912 条
[2026/05/29 周五  8:09:40.11] end import_jst_daily errorlevel=0 
[2026/05/30 周六  8:00:01.49] start import_jst_daily 
using a closure in a dumps/loads function may cause a resource leak
using a closure in a dumps/loads function may cause a resource leak
using a closure in a dumps/loads function may cause a resource leak
using a closure in a dumps/loads function may cause a resource leak
[SKIP] 商品库存不存在: \\192.168.10.58\超级共享\影刀技术开发部共享\聚水潭\千百度\05.30\商品库存.xlsx
[SKIP] 采购单管理不存在: \\192.168.10.58\超级共享\影刀技术开发部共享\聚水潭\千百度\05.30\采购单管理.xlsx
[2026/05/30 周六  8:00:02.56] end import_jst_daily errorlevel=0 
[2026/05/31 周日  8:00:01.51] start import_jst_daily 
using a closure in a dumps/loads function may cause a resource leak
using a closure in a dumps/loads function may cause a resource leak
using a closure in a dumps/loads function may cause a resource leak
using a closure in a dumps/loads function may cause a resource leak
[尺码表] 导入完成, 共 69036 条
[库存汇总] 导入完成, 共 28367 条
[采购差异] 导入完成, 共 7467 条
[2026/05/31 周日  8:10:00.94] end import_jst_daily errorlevel=0 
[2026/06/01 周一  8:00:01.51] start import_jst_daily 
using a closure in a dumps/loads function may cause a resource leak
using a closure in a dumps/loads function may cause a resource leak
using a closure in a dumps/loads function may cause a resource leak
using a closure in a dumps/loads function may cause a resource leak
[尺码表] 导入完成, 共 68987 条
[库存汇总] 导入完成, 共 28377 条
[采购差异] 导入完成, 共 7520 条
[2026/06/01 周一  8:09:59.16] end import_jst_daily errorlevel=0 
[2026/06/02 周二  8:00:01.55] start import_jst_daily 
using a closure in a dumps/loads function may cause a resource leak
using a closure in a dumps/loads function may cause a resource leak
using a closure in a dumps/loads function may cause a resource leak
using a closure in a dumps/loads function may cause a resource leak
[尺码表] 导入完成, 共 68956 条
[库存汇总] 导入完成, 共 28391 条
[采购差异] 导入完成, 共 7439 条
[2026/06/02 周二  8:10:01.18] end import_jst_daily errorlevel=0 
[2026/06/03 周三  8:00:01.51] start import_jst_daily 
using a closure in a dumps/loads function may cause a resource leak
using a closure in a dumps/loads function may cause a resource leak
using a closure in a dumps/loads function may cause a resource leak
using a closure in a dumps/loads function may cause a resource leak
[尺码表] 导入完成, 共 68539 条
[库存汇总] 导入完成, 共 28399 条
[采购差异] 导入完成, 共 7320 条
[2026/06/03 周三  8:10:05.68] end import_jst_daily errorlevel=0 
[2026/06/04 周四  8:00:01.55] start import_jst_daily 
using a closure in a dumps/loads function may cause a resource leak
using a closure in a dumps/loads function may cause a resource leak
using a closure in a dumps/loads function may cause a resource leak
using a closure in a dumps/loads function may cause a resource leak
[SKIP] 商品库存不存在: \\192.168.10.58\超级共享\影刀技术开发部共享\聚水潭\千百度\06.04\商品库存.xlsx
[SKIP] 采购单管理不存在: \\192.168.10.58\超级共享\影刀技术开发部共享\聚水潭\千百度\06.04\采购单管理.xlsx
[2026/06/04 周四  8:00:02.56] end import_jst_daily errorlevel=0 
[2026/06/05 周五  8:00:01.60] start import_jst_daily 
using a closure in a dumps/loads function may cause a resource leak
using a closure in a dumps/loads function may cause a resource leak
using a closure in a dumps/loads function may cause a resource leak
using a closure in a dumps/loads function may cause a resource leak
[尺码表] 导入完成, 共 68664 条
[库存汇总] 导入完成, 共 28432 条
[采购差异] 导入完成, 共 7227 条
[2026/06/05 周五  8:09:51.39] end import_jst_daily errorlevel=0 
