[е‘ЁдёҖ 2026/05/25 10:52:32.86] start import_vip_daily 
using a closure in a dumps/loads function may cause a resource leak
using a closure in a dumps/loads function may cause a resource leak
using a closure in a dumps/loads function may cause a resource leak
using a closure in a dumps/loads function may cause a resource leak
[VIP] 05.25 өјИлНкіЙ, №І 135944 Мх
[е‘ЁдёҖ 2026/05/25 10:53:06.88] end import_vip_daily errorlevel=0 
[2026/05/26 ЦЬ¶ю 12:00:00.22] start import_vip_daily 
using a closure in a dumps/loads function may cause a resource leak
using a closure in a dumps/loads function may cause a resource leak
using a closure in a dumps/loads function may cause a resource leak
using a closure in a dumps/loads function may cause a resource leak
[VIP] 05.26 өјИлНкіЙ, №І 135811 Мх
[2026/05/26 ЦЬ¶ю 12:00:50.01] end import_vip_daily errorlevel=0 
[2026/05/27 ЦЬИэ 12:00:01.24] start import_vip_daily 
using a closure in a dumps/loads function may cause a resource leak
using a closure in a dumps/loads function may cause a resource leak
using a closure in a dumps/loads function may cause a resource leak
using a closure in a dumps/loads function may cause a resource leak
[VIP] 05.27 өјИлНкіЙ, №І 135677 Мх
[2026/05/27 ЦЬИэ 12:00:54.95] end import_vip_daily errorlevel=0 
[2026/05/28 ЦЬЛД 12:00:01.25] start import_vip_daily 
using a closure in a dumps/loads function may cause a resource leak
using a closure in a dumps/loads function may cause a resource leak
using a closure in a dumps/loads function may cause a resource leak
using a closure in a dumps/loads function may cause a resource leak
[VIP] 05.28 өјИлНкіЙ, №І 135283 Мх
[2026/05/28 ЦЬЛД 12:00:55.29] end import_vip_daily errorlevel=0 
[2026/05/29 ЦЬОе 11:00:01.86] start import_vip_daily 
using a closure in a dumps/loads function may cause a resource leak
using a closure in a dumps/loads function may cause a resource leak
using a closure in a dumps/loads function may cause a resource leak
using a closure in a dumps/loads function may cause a resource leak
[VIP] 05.29 өјИлНкіЙ, №І 134856 Мх
[2026/05/29 ЦЬОе 11:00:57.20] end import_vip_daily errorlevel=0 
[2026/05/30 ЦЬБщ 11:00:01.81] start import_vip_daily 
using a closure in a dumps/loads function may cause a resource leak
using a closure in a dumps/loads function may cause a resource leak
using a closure in a dumps/loads function may cause a resource leak
using a closure in a dumps/loads function may cause a resource leak
[VIP] 05.30 өјИлНкіЙ, №І 134636 Мх
[2026/05/30 ЦЬБщ 11:00:57.30] end import_vip_daily errorlevel=0 
[2026/05/31 ЦЬИХ 11:00:01.82] start import_vip_daily 
using a closure in a dumps/loads function may cause a resource leak
using a closure in a dumps/loads function may cause a resource leak
using a closure in a dumps/loads function may cause a resource leak
using a closure in a dumps/loads function may cause a resource leak
[VIP] 05.31 өјИлНкіЙ, №І 134850 Мх
[2026/05/31 ЦЬИХ 11:00:57.31] end import_vip_daily errorlevel=0 
[2026/06/01 ЦЬТ» 11:00:01.85] start import_vip_daily 
using a closure in a dumps/loads function may cause a resource leak
using a closure in a dumps/loads function may cause a resource leak
using a closure in a dumps/loads function may cause a resource leak
using a closure in a dumps/loads function may cause a resource leak
[VIP] 06.01 өјИлНкіЙ, №І 134637 Мх
[2026/06/01 ЦЬТ» 11:00:55.75] end import_vip_daily errorlevel=0 
