[鍛ㄤ竴 2026/05/25 10:49:27.82] start import_monthly_order 
using a closure in a dumps/loads function may cause a resource leak
using a closure in a dumps/loads function may cause a resource leak
using a closure in a dumps/loads function may cause a resource leak
using a closure in a dumps/loads function may cause a resource leak
D:\python\Lib\site-packages\openpyxl\styles\stylesheet.py:237: UserWarning: Workbook contains no default style, apply openpyxl's default
  warn("Workbook contains no default style, apply openpyxl's default")
[JST月订单] 05.25 导入完成, 共 581043 条
[鍛ㄤ竴 2026/05/25 10:51:51.70] end import_monthly_order errorlevel=0 
[2026/05/26 周二  8:10:02.20] start import_monthly_order 
using a closure in a dumps/loads function may cause a resource leak
using a closure in a dumps/loads function may cause a resource leak
using a closure in a dumps/loads function may cause a resource leak
using a closure in a dumps/loads function may cause a resource leak
D:\python\Lib\site-packages\openpyxl\styles\stylesheet.py:237: UserWarning: Workbook contains no default style, apply openpyxl's default
  warn("Workbook contains no default style, apply openpyxl's default")
[JST月订单] 05.26 导入完成, 共 582307 条
[2026/05/26 周二  8:13:22.89] end import_monthly_order errorlevel=0 
[2026/05/27 周三  8:10:02.20] start import_monthly_order 
using a closure in a dumps/loads function may cause a resource leak
using a closure in a dumps/loads function may cause a resource leak
using a closure in a dumps/loads function may cause a resource leak
using a closure in a dumps/loads function may cause a resource leak
D:\python\Lib\site-packages\openpyxl\styles\stylesheet.py:237: UserWarning: Workbook contains no default style, apply openpyxl's default
  warn("Workbook contains no default style, apply openpyxl's default")
[JST月订单] 05.27 导入完成, 共 584361 条
[2026/05/27 周三  8:13:25.24] end import_monthly_order errorlevel=0 
[2026/05/28 周四  8:10:01.22] start import_monthly_order 
using a closure in a dumps/loads function may cause a resource leak
using a closure in a dumps/loads function may cause a resource leak
using a closure in a dumps/loads function may cause a resource leak
using a closure in a dumps/loads function may cause a resource leak
D:\python\Lib\site-packages\openpyxl\styles\stylesheet.py:237: UserWarning: Workbook contains no default style, apply openpyxl's default
  warn("Workbook contains no default style, apply openpyxl's default")
[JST月订单] 05.28 导入完成, 共 584010 条
[2026/05/28 周四  8:13:31.88] end import_monthly_order errorlevel=0 
[2026/05/29 周五  8:20:02.00] start import_monthly_order 
using a closure in a dumps/loads function may cause a resource leak
using a closure in a dumps/loads function may cause a resource leak
using a closure in a dumps/loads function may cause a resource leak
using a closure in a dumps/loads function may cause a resource leak
D:\python\Lib\site-packages\openpyxl\styles\stylesheet.py:237: UserWarning: Workbook contains no default style, apply openpyxl's default
  warn("Workbook contains no default style, apply openpyxl's default")
[JST月订单] 05.29 导入完成, 共 586149 条
[2026/05/29 周五  8:23:25.85] end import_monthly_order errorlevel=0 
[2026/05/30 周六  8:20:01.98] start import_monthly_order 
using a closure in a dumps/loads function may cause a resource leak
using a closure in a dumps/loads function may cause a resource leak
using a closure in a dumps/loads function may cause a resource leak
using a closure in a dumps/loads function may cause a resource leak
D:\python\Lib\site-packages\openpyxl\styles\stylesheet.py:237: UserWarning: Workbook contains no default style, apply openpyxl's default
  warn("Workbook contains no default style, apply openpyxl's default")
[JST月订单] 05.30 导入完成, 共 589243 条
[2026/05/30 周六  8:23:28.06] end import_monthly_order errorlevel=0 
[2026/05/31 周日  8:20:01.98] start import_monthly_order 
using a closure in a dumps/loads function may cause a resource leak
using a closure in a dumps/loads function may cause a resource leak
using a closure in a dumps/loads function may cause a resource leak
using a closure in a dumps/loads function may cause a resource leak
D:\python\Lib\site-packages\openpyxl\styles\stylesheet.py:237: UserWarning: Workbook contains no default style, apply openpyxl's default
  warn("Workbook contains no default style, apply openpyxl's default")
[JST月订单] 05.31 导入完成, 共 593761 条
[2026/05/31 周日  8:23:31.91] end import_monthly_order errorlevel=0 
[2026/06/01 周一  8:20:02.01] start import_monthly_order 
using a closure in a dumps/loads function may cause a resource leak
using a closure in a dumps/loads function may cause a resource leak
using a closure in a dumps/loads function may cause a resource leak
using a closure in a dumps/loads function may cause a resource leak
D:\python\Lib\site-packages\openpyxl\styles\stylesheet.py:237: UserWarning: Workbook contains no default style, apply openpyxl's default
  warn("Workbook contains no default style, apply openpyxl's default")
[JST月订单] 06.01 导入完成, 共 611873 条
[2026/06/01 周一  8:23:39.07] end import_monthly_order errorlevel=0 
[2026/06/02 周二  8:20:02.02] start import_monthly_order 
using a closure in a dumps/loads function may cause a resource leak
using a closure in a dumps/loads function may cause a resource leak
using a closure in a dumps/loads function may cause a resource leak
using a closure in a dumps/loads function may cause a resource leak
D:\python\Lib\site-packages\openpyxl\styles\stylesheet.py:237: UserWarning: Workbook contains no default style, apply openpyxl's default
  warn("Workbook contains no default style, apply openpyxl's default")
[JST月订单] 06.02 导入完成, 共 618495 条
[2026/06/02 周二  8:23:42.12] end import_monthly_order errorlevel=0 
[2026/06/03 周三  8:20:02.01] start import_monthly_order 
using a closure in a dumps/loads function may cause a resource leak
using a closure in a dumps/loads function may cause a resource leak
using a closure in a dumps/loads function may cause a resource leak
using a closure in a dumps/loads function may cause a resource leak
[SKIP] 月聚水潭文件不存在: \\192.168.10.58\超级共享\影刀技术开发部共享\聚水潭\其他平台\06.03\月聚水潭.xlsx
[2026/06/03 周三  8:20:02.85] end import_monthly_order errorlevel=0 
[2026/06/04 周四  8:20:02.06] start import_monthly_order 
using a closure in a dumps/loads function may cause a resource leak
using a closure in a dumps/loads function may cause a resource leak
using a closure in a dumps/loads function may cause a resource leak
using a closure in a dumps/loads function may cause a resource leak
D:\python\Lib\site-packages\openpyxl\styles\stylesheet.py:237: UserWarning: Workbook contains no default style, apply openpyxl's default
  warn("Workbook contains no default style, apply openpyxl's default")
[JST月订单] 06.04 导入完成, 共 637945 条
[2026/06/04 周四  8:23:48.45] end import_monthly_order errorlevel=0 
[2026/06/05 周五  8:20:02.06] start import_monthly_order 
using a closure in a dumps/loads function may cause a resource leak
using a closure in a dumps/loads function may cause a resource leak
using a closure in a dumps/loads function may cause a resource leak
using a closure in a dumps/loads function may cause a resource leak
[SKIP] 月聚水潭文件不存在: \\192.168.10.58\超级共享\影刀技术开发部共享\聚水潭\其他平台\06.05\月聚水潭.xlsx
[2026/06/05 周五  8:20:02.91] end import_monthly_order errorlevel=0 
[2026/06/06 周六  8:20:02.04] start import_monthly_order 
using a closure in a dumps/loads function may cause a resource leak
using a closure in a dumps/loads function may cause a resource leak
using a closure in a dumps/loads function may cause a resource leak
using a closure in a dumps/loads function may cause a resource leak
D:\python\Lib\site-packages\openpyxl\styles\stylesheet.py:237: UserWarning: Workbook contains no default style, apply openpyxl's default
  warn("Workbook contains no default style, apply openpyxl's default")
[JST月订单] 06.06 导入完成, 共 641019 条
[2026/06/06 周六  8:23:50.79] end import_monthly_order errorlevel=0 
[2026/06/07 周日  8:20:02.05] start import_monthly_order 
using a closure in a dumps/loads function may cause a resource leak
using a closure in a dumps/loads function may cause a resource leak
using a closure in a dumps/loads function may cause a resource leak
using a closure in a dumps/loads function may cause a resource leak
D:\python\Lib\site-packages\openpyxl\styles\stylesheet.py:237: UserWarning: Workbook contains no default style, apply openpyxl's default
  warn("Workbook contains no default style, apply openpyxl's default")
[JST月订单] 06.07 导入完成, 共 644067 条
[2026/06/07 周日  8:23:50.12] end import_monthly_order errorlevel=0 
[2026/06/08 周一  8:20:02.09] start import_monthly_order 
using a closure in a dumps/loads function may cause a resource leak
using a closure in a dumps/loads function may cause a resource leak
using a closure in a dumps/loads function may cause a resource leak
using a closure in a dumps/loads function may cause a resource leak
D:\python\Lib\site-packages\openpyxl\styles\stylesheet.py:237: UserWarning: Workbook contains no default style, apply openpyxl's default
  warn("Workbook contains no default style, apply openpyxl's default")
[JST月订单] 06.08 导入完成, 共 644017 条
[2026/06/08 周一  8:23:51.40] end import_monthly_order errorlevel=0 
[2026/06/09 周二  8:20:02.07] start import_monthly_order 
D:\python\Lib\site-packages\openpyxl\styles\stylesheet.py:237: UserWarning: Workbook contains no default style, apply openpyxl's default
  warn("Workbook contains no default style, apply openpyxl's default")
[JST月订单] 06.09 导入完成, 共 646935 条
[2026/06/09 周二  8:23:52.12] end import_monthly_order errorlevel=0 
[2026/06/10 周三  8:20:02.11] start import_monthly_order 
D:\python\Lib\site-packages\openpyxl\styles\stylesheet.py:237: UserWarning: Workbook contains no default style, apply openpyxl's default
  warn("Workbook contains no default style, apply openpyxl's default")
[JST月订单] 06.10 导入完成, 共 643982 条
[2026/06/10 周三  8:23:55.78] end import_monthly_order errorlevel=0 
[2026/06/11 周四  8:20:02.09] start import_monthly_order 
D:\python\Lib\site-packages\openpyxl\styles\stylesheet.py:237: UserWarning: Workbook contains no default style, apply openpyxl's default
  warn("Workbook contains no default style, apply openpyxl's default")
[JST月订单] 06.11 导入完成, 共 632341 条
[2026/06/11 周四  8:23:47.96] end import_monthly_order errorlevel=0 
