[2026/06/04 周四 13:30:01.56] start snapshot_fine_table 
using a closure in a dumps/loads function may cause a resource leak
using a closure in a dumps/loads function may cause a resource leak
using a closure in a dumps/loads function may cause a resource leak
using a closure in a dumps/loads function may cause a resource leak
[cbanner_mens] date=2026-06-04 rows=18614 replaced=False message=快照已生成
[cbanner_womens] date=2026-06-04 rows=13728 replaced=False message=快照已生成
[eblan] date=2026-06-04 rows=9698 replaced=False message=快照已生成
[yandou] date=2026-06-04 rows=16416 replaced=False message=快照已生成
[2026/06/04 周四 13:33:11.14] end snapshot_fine_table errorlevel=0 
[2026/06/05 周五 13:30:01.59] start snapshot_fine_table 
using a closure in a dumps/loads function may cause a resource leak
using a closure in a dumps/loads function may cause a resource leak
using a closure in a dumps/loads function may cause a resource leak
using a closure in a dumps/loads function may cause a resource leak
[cbanner_mens] date=2026-06-05 rows=18614 replaced=False message=快照已生成
[cbanner_womens] date=2026-06-05 rows=13743 replaced=False message=快照已生成
[eblan] date=2026-06-05 rows=9698 replaced=False message=快照已生成
[yandou] date=2026-06-05 rows=16416 replaced=False message=快照已生成
[2026/06/05 周五 13:33:17.25] end snapshot_fine_table errorlevel=0 
[2026/06/06 周六 13:30:01.52] start snapshot_fine_table 
using a closure in a dumps/loads function may cause a resource leak
using a closure in a dumps/loads function may cause a resource leak
using a closure in a dumps/loads function may cause a resource leak
using a closure in a dumps/loads function may cause a resource leak
[cbanner_mens] date=2026-06-06 rows=18614 replaced=False message=快照已生成
[cbanner_womens] date=2026-06-06 rows=13758 replaced=False message=快照已生成
[eblan] date=2026-06-06 rows=9698 replaced=False message=快照已生成
[yandou] date=2026-06-06 rows=16416 replaced=False message=快照已生成
[2026/06/06 周六 13:33:00.18] end snapshot_fine_table errorlevel=0 
[2026/06/07 周日 13:30:01.59] start snapshot_fine_table 
using a closure in a dumps/loads function may cause a resource leak
using a closure in a dumps/loads function may cause a resource leak
using a closure in a dumps/loads function may cause a resource leak
using a closure in a dumps/loads function may cause a resource leak
[cbanner_mens] date=2026-06-07 rows=18614 replaced=False message=快照已生成
[cbanner_womens] date=2026-06-07 rows=13779 replaced=False message=快照已生成
[eblan] date=2026-06-07 rows=9698 replaced=False message=快照已生成
[yandou] date=2026-06-07 rows=16416 replaced=False message=快照已生成
[2026/06/07 周日 13:33:24.36] end snapshot_fine_table errorlevel=0 
[2026/06/08 周一 13:30:01.57] start snapshot_fine_table 
using a closure in a dumps/loads function may cause a resource leak
using a closure in a dumps/loads function may cause a resource leak
using a closure in a dumps/loads function may cause a resource leak
using a closure in a dumps/loads function may cause a resource leak
[cbanner_mens] date=2026-06-08 rows=18614 replaced=False message=快照已生成
[cbanner_womens] date=2026-06-08 rows=13779 replaced=False message=快照已生成
[eblan] date=2026-06-08 rows=9698 replaced=False message=快照已生成
[yandou] date=2026-06-08 rows=16416 replaced=False message=快照已生成
[2026/06/08 周一 13:33:11.17] end snapshot_fine_table errorlevel=0 
